# JRE version: OpenJDK Runtime Environment Temurin-21.0.8+9 (21.0.8+9) (build 21.0.8+9-LTS)
# Java VM: OpenJDK 64-Bit Server VM Temurin-21.0.8+9 (21.0.8+9-LTS, mixed mode, sharing, tiered, compressed oops, compressed class ptrs, parallel gc, windows-amd64)
GC Precious Log:
 CardTable entry size: 512
 CPUs: 4 total, 4 available
 Memory: 7399M
 Large Page Support: Disabled
 NUMA Support: Disabled
 Compressed Oops: Enabled (32-bit)
 Alignments: Space 512K, Generation 512K, Heap 2M
 Heap Min Capacity: 100M
 Heap Initial Capacity: 100M
 Heap Max Capacity: 2G
 Pre-touch: Disabled
 Parallel Workers: 4
Heap:
 PSYoungGen      total 3072K, used 749K [0x00000000d5580000, 0x00000000d5a80000, 0x0000000100000000)
  eden space 2048K, 10% used [0x00000000d5580000,0x00000000d55b7528,0x00000000d5780000)
  from space 1024K, 51% used [0x00000000d5980000,0x00000000d5a04030,0x00000000d5a80000)
  to   space 1024K, 0% used [0x00000000d5880000,0x00000000d5880000,0x00000000d5980000)
 ParOldGen       total 1035264K, used 393262K [0x0000000080000000, 0x00000000bf300000, 0x00000000d5580000)
  object space 1035264K, 37% used [0x0000000080000000,0x000000009800bb08,0x00000000bf300000)
 Metaspace       used 96020K, committed 97920K, reserved 1179648K
  class space    used 9889K, committed 10816K, reserved 1048576K
GC Heap History (20 events):
Event: 2961.965 GC heap before
{Heap before GC invocations=1836 (full 5):
 PSYoungGen      total 4096K, used 3838K [0x00000000d5580000, 0x00000000d5e80000, 0x0000000100000000)
  eden space 2560K, 99% used [0x00000000d5580000,0x00000000d57ffbb0,0x00000000d5800000)
  from space 1536K, 83% used [0x00000000d5d00000,0x00000000d5e40000,0x00000000d5e80000)
  to   space 1536K, 0% used [0x00000000d5b80000,0x00000000d5b80000,0x00000000d5d00000)
 ParOldGen       total 1035264K, used 381583K [0x0000000080000000, 0x00000000bf300000, 0x00000000d5580000)
  object space 1035264K, 36% used [0x0000000080000000,0x00000000974a3cd0,0x00000000bf300000)
 Metaspace       used 95984K, committed 97856K, reserved 1179648K
  class space    used 9886K, committed 10816K, reserved 1048576K
}
Event: 2961.967 GC heap after
{Heap after GC invocations=1836 (full 5):
 PSYoungGen      total 4096K, used 1536K [0x00000000d5580000, 0x00000000d6000000, 0x0000000100000000)
  eden space 2560K, 0% used [0x00000000d5580000,0x00000000d5580000,0x00000000d5800000)
  from space 1536K, 100% used [0x00000000d5b80000,0x00000000d5d00000,0x00000000d5d00000)
  to   space 3072K, 0% used [0x00000000d5d00000,0x00000000d5d00000,0x00000000d6000000)
 ParOldGen       total 1035264K, used 383324K [0x0000000080000000, 0x00000000bf300000, 0x00000000d5580000)
  object space 1035264K, 37% used [0x0000000080000000,0x0000000097657330,0x00000000bf300000)
 Metaspace       used 95984K, committed 97856K, reserved 1179648K
  class space    used 9886K, committed 10816K, reserved 1048576K
}
Event: 2961.988 GC heap before
{Heap before GC invocations=1837 (full 5):
 PSYoungGen      total 4096K, used 4096K [0x00000000d5580000, 0x00000000d6000000, 0x0000000100000000)
  eden space 2560K, 100% used [0x00000000d5580000,0x00000000d5800000,0x00000000d5800000)
  from space 1536K, 100% used [0x00000000d5b80000,0x00000000d5d00000,0x00000000d5d00000)
  to   space 3072K, 0% used [0x00000000d5d00000,0x00000000d5d00000,0x00000000d6000000)
 ParOldGen       total 1035264K, used 383324K [0x0000000080000000, 0x00000000bf300000, 0x00000000d5580000)
  object space 1035264K, 37% used [0x0000000080000000,0x0000000097657330,0x00000000bf300000)
 Metaspace       used 96007K, committed 97920K, reserved 1179648K
  class space    used 9889K, committed 10816K, reserved 1048576K
}
Event: 2961.991 GC heap after
{Heap after GC invocations=1837 (full 5):
 PSYoungGen      total 5120K, used 2155K [0x00000000d5580000, 0x00000000d5f80000, 0x0000000100000000)
  eden space 2560K, 0% used [0x00000000d5580000,0x00000000d5580000,0x00000000d5800000)
  from space 2560K, 84% used [0x00000000d5d00000,0x00000000d5f1af90,0x00000000d5f80000)
  to   space 2560K, 0% used [0x00000000d5a80000,0x00000000d5a80000,0x00000000d5d00000)
 ParOldGen       total 1035264K, used 384877K [0x0000000080000000, 0x00000000bf300000, 0x00000000d5580000)
  object space 1035264K, 37% used [0x0000000080000000,0x00000000977db5d8,0x00000000bf300000)
 Metaspace       used 96007K, committed 97920K, reserved 1179648K
  class space    used 9889K, committed 10816K, reserved 1048576K
}
Event: 2961.999 GC heap before
{Heap before GC invocations=1838 (full 5):
 PSYoungGen      total 5120K, used 4715K [0x00000000d5580000, 0x00000000d5f80000, 0x0000000100000000)
  eden space 2560K, 100% used [0x00000000d5580000,0x00000000d5800000,0x00000000d5800000)
  from space 2560K, 84% used [0x00000000d5d00000,0x00000000d5f1af90,0x00000000d5f80000)
  to   space 2560K, 0% used [0x00000000d5a80000,0x00000000d5a80000,0x00000000d5d00000)
 ParOldGen       total 1035264K, used 384877K [0x0000000080000000, 0x00000000bf300000, 0x00000000d5580000)
  object space 1035264K, 37% used [0x0000000080000000,0x00000000977db5d8,0x00000000bf300000)
 Metaspace       used 96007K, committed 97920K, reserved 1179648K
  class space    used 9889K, committed 10816K, reserved 1048576K
}
Event: 2962.002 GC heap after
{Heap after GC invocations=1838 (full 5):
 PSYoungGen      total 3072K, used 282K [0x00000000d5580000, 0x00000000d5d80000, 0x0000000100000000)
  eden space 2560K, 0% used [0x00000000d5580000,0x00000000d5580000,0x00000000d5800000)
  from space 512K, 55% used [0x00000000d5a80000,0x00000000d5ac6900,0x00000000d5b00000)
  to   space 1536K, 0% used [0x00000000d5c00000,0x00000000d5c00000,0x00000000d5d80000)
 ParOldGen       total 1035264K, used 385407K [0x0000000080000000, 0x00000000bf300000, 0x00000000d5580000)
  object space 1035264K, 37% used [0x0000000080000000,0x000000009785feb8,0x00000000bf300000)
 Metaspace       used 96007K, committed 97920K, reserved 1179648K
  class space    used 9889K, committed 10816K, reserved 1048576K
}
Event: 2962.006 GC heap before
{Heap before GC invocations=1839 (full 5):
 PSYoungGen      total 3072K, used 2842K [0x00000000d5580000, 0x00000000d5d80000, 0x0000000100000000)
  eden space 2560K, 100% used [0x00000000d5580000,0x00000000d5800000,0x00000000d5800000)
  from space 512K, 55% used [0x00000000d5a80000,0x00000000d5ac6900,0x00000000d5b00000)
  to   space 1536K, 0% used [0x00000000d5c00000,0x00000000d5c00000,0x00000000d5d80000)
 ParOldGen       total 1035264K, used 385407K [0x0000000080000000, 0x00000000bf300000, 0x00000000d5580000)
  object space 1035264K, 37% used [0x0000000080000000,0x000000009785feb8,0x00000000bf300000)
 Metaspace       used 96007K, committed 97920K, reserved 1179648K
  class space    used 9889K, committed 10816K, reserved 1048576K
}
Event: 2962.008 GC heap after
{Heap after GC invocations=1839 (full 5):
 PSYoungGen      total 3072K, used 416K [0x00000000d5580000, 0x00000000d5c80000, 0x0000000100000000)
  eden space 2560K, 0% used [0x00000000d5580000,0x00000000d5580000,0x00000000d5800000)
  from space 512K, 81% used [0x00000000d5c00000,0x00000000d5c68000,0x00000000d5c80000)
  to   space 512K, 0% used [0x00000000d5a80000,0x00000000d5a80000,0x00000000d5b00000)
 ParOldGen       total 1035264K, used 385492K [0x0000000080000000, 0x00000000bf300000, 0x00000000d5580000)
  object space 1035264K, 37% used [0x0000000080000000,0x00000000978750b8,0x00000000bf300000)
 Metaspace       used 96007K, committed 97920K, reserved 1179648K
  class space    used 9889K, committed 10816K, reserved 1048576K
}
Event: 2962.015 GC heap before
{Heap before GC invocations=1840 (full 5):
 PSYoungGen      total 3072K, used 2976K [0x00000000d5580000, 0x00000000d5c80000, 0x0000000100000000)
  eden space 2560K, 100% used [0x00000000d5580000,0x00000000d5800000,0x00000000d5800000)
  from space 512K, 81% used [0x00000000d5c00000,0x00000000d5c68000,0x00000000d5c80000)
  to   space 512K, 0% used [0x00000000d5a80000,0x00000000d5a80000,0x00000000d5b00000)
 ParOldGen       total 1035264K, used 385492K [0x0000000080000000, 0x00000000bf300000, 0x00000000d5580000)
  object space 1035264K, 37% used [0x0000000080000000,0x00000000978750b8,0x00000000bf300000)
 Metaspace       used 96007K, committed 97920K, reserved 1179648K
  class space    used 9889K, committed 10816K, reserved 1048576K
}
Event: 2962.018 GC heap after
{Heap after GC invocations=1840 (full 5):
 PSYoungGen      total 3584K, used 485K [0x00000000d5580000, 0x00000000d5c80000, 0x0000000100000000)
  eden space 3072K, 0% used [0x00000000d5580000,0x00000000d5580000,0x00000000d5880000)
  from space 512K, 94% used [0x00000000d5a80000,0x00000000d5af97c8,0x00000000d5b00000)
  to   space 1536K, 0% used [0x00000000d5b00000,0x00000000d5b00000,0x00000000d5c80000)
 ParOldGen       total 1035264K, used 386430K [0x0000000080000000, 0x00000000bf300000, 0x00000000d5580000)
  object space 1035264K, 37% used [0x0000000080000000,0x000000009795faa0,0x00000000bf300000)
 Metaspace       used 96007K, committed 97920K, reserved 1179648K
  class space    used 9889K, committed 10816K, reserved 1048576K
}
Event: 2962.023 GC heap before
{Heap before GC invocations=1841 (full 5):
 PSYoungGen      total 3584K, used 3557K [0x00000000d5580000, 0x00000000d5c80000, 0x0000000100000000)
  eden space 3072K, 100% used [0x00000000d5580000,0x00000000d5880000,0x00000000d5880000)
  from space 512K, 94% used [0x00000000d5a80000,0x00000000d5af97c8,0x00000000d5b00000)
  to   space 1536K, 0% used [0x00000000d5b00000,0x00000000d5b00000,0x00000000d5c80000)
 ParOldGen       total 1035264K, used 386430K [0x0000000080000000, 0x00000000bf300000, 0x00000000d5580000)
  object space 1035264K, 37% used [0x0000000080000000,0x000000009795faa0,0x00000000bf300000)
 Metaspace       used 96007K, committed 97920K, reserved 1179648K
  class space    used 9889K, committed 10816K, reserved 1048576K
}
Event: 2962.028 GC heap after
{Heap after GC invocations=1841 (full 5):
 PSYoungGen      total 3584K, used 1536K [0x00000000d5580000, 0x00000000d6080000, 0x0000000100000000)
  eden space 2048K, 0% used [0x00000000d5580000,0x00000000d5580000,0x00000000d5780000)
  from space 1536K, 100% used [0x00000000d5b00000,0x00000000d5c80000,0x00000000d5c80000)
  to   space 3584K, 0% used [0x00000000d5780000,0x00000000d5780000,0x00000000d5b00000)
 ParOldGen       total 1035264K, used 387898K [0x0000000080000000, 0x00000000bf300000, 0x00000000d5580000)
  object space 1035264K, 37% used [0x0000000080000000,0x0000000097aceb78,0x00000000bf300000)
 Metaspace       used 96007K, committed 97920K, reserved 1179648K
  class space    used 9889K, committed 10816K, reserved 1048576K
}
Event: 2962.039 GC heap before
{Heap before GC invocations=1842 (full 5):
 PSYoungGen      total 3584K, used 3584K [0x00000000d5580000, 0x00000000d6080000, 0x0000000100000000)
  eden space 2048K, 100% used [0x00000000d5580000,0x00000000d5780000,0x00000000d5780000)
  from space 1536K, 100% used [0x00000000d5b00000,0x00000000d5c80000,0x00000000d5c80000)
  to   space 3584K, 0% used [0x00000000d5780000,0x00000000d5780000,0x00000000d5b00000)
 ParOldGen       total 1035264K, used 387898K [0x0000000080000000, 0x00000000bf300000, 0x00000000d5580000)
  object space 1035264K, 37% used [0x0000000080000000,0x0000000097aceb78,0x00000000bf300000)
 Metaspace       used 96010K, committed 97920K, reserved 1179648K
  class space    used 9889K, committed 10816K, reserved 1048576K
}
Event: 2962.045 GC heap after
{Heap after GC invocations=1842 (full 5):
 PSYoungGen      total 2560K, used 416K [0x00000000d5580000, 0x00000000d5b80000, 0x0000000100000000)
  eden space 2048K, 0% used [0x00000000d5580000,0x00000000d5580000,0x00000000d5780000)
  from space 512K, 81% used [0x00000000d5780000,0x00000000d57e8000,0x00000000d5800000)
  to   space 1536K, 0% used [0x00000000d5a00000,0x00000000d5a00000,0x00000000d5b80000)
 ParOldGen       total 1035264K, used 389466K [0x0000000080000000, 0x00000000bf300000, 0x00000000d5580000)
  object space 1035264K, 37% used [0x0000000080000000,0x0000000097c56b78,0x00000000bf300000)
 Metaspace       used 96010K, committed 97920K, reserved 1179648K
  class space    used 9889K, committed 10816K, reserved 1048576K
}
Event: 2962.048 GC heap before
{Heap before GC invocations=1843 (full 5):
 PSYoungGen      total 2560K, used 2464K [0x00000000d5580000, 0x00000000d5b80000, 0x0000000100000000)
  eden space 2048K, 100% used [0x00000000d5580000,0x00000000d5780000,0x00000000d5780000)
  from space 512K, 81% used [0x00000000d5780000,0x00000000d57e8000,0x00000000d5800000)
  to   space 1536K, 0% used [0x00000000d5a00000,0x00000000d5a00000,0x00000000d5b80000)
 ParOldGen       total 1035264K, used 389466K [0x0000000080000000, 0x00000000bf300000, 0x00000000d5580000)
  object space 1035264K, 37% used [0x0000000080000000,0x0000000097c56b78,0x00000000bf300000)
 Metaspace       used 96011K, committed 97920K, reserved 1179648K
  class space    used 9889K, committed 10816K, reserved 1048576K
}
Event: 2962.051 GC heap after
{Heap after GC invocations=1843 (full 5):
 PSYoungGen      total 3072K, used 1515K [0x00000000d5580000, 0x00000000d5e00000, 0x0000000100000000)
  eden space 1536K, 0% used [0x00000000d5580000,0x00000000d5580000,0x00000000d5700000)
  from space 1536K, 98% used [0x00000000d5a00000,0x00000000d5b7af90,0x00000000d5b80000)
  to   space 3072K, 0% used [0x00000000d5700000,0x00000000d5700000,0x00000000d5a00000)
 ParOldGen       total 1035264K, used 390218K [0x0000000080000000, 0x00000000bf300000, 0x00000000d5580000)
  object space 1035264K, 37% used [0x0000000080000000,0x0000000097d12b78,0x00000000bf300000)
 Metaspace       used 96011K, committed 97920K, reserved 1179648K
  class space    used 9889K, committed 10816K, reserved 1048576K
}
Event: 2962.054 GC heap before
{Heap before GC invocations=1844 (full 5):
 PSYoungGen      total 3072K, used 3051K [0x00000000d5580000, 0x00000000d5e00000, 0x0000000100000000)
  eden space 1536K, 100% used [0x00000000d5580000,0x00000000d5700000,0x00000000d5700000)
  from space 1536K, 98% used [0x00000000d5a00000,0x00000000d5b7af90,0x00000000d5b80000)
  to   space 3072K, 0% used [0x00000000d5700000,0x00000000d5700000,0x00000000d5a00000)
 ParOldGen       total 1035264K, used 390218K [0x0000000080000000, 0x00000000bf300000, 0x00000000d5580000)
  object space 1035264K, 37% used [0x0000000080000000,0x0000000097d12b78,0x00000000bf300000)
 Metaspace       used 96011K, committed 97920K, reserved 1179648K
  class space    used 9889K, committed 10816K, reserved 1048576K
}
Event: 2962.059 GC heap after
{Heap after GC invocations=1844 (full 5):
 PSYoungGen      total 3584K, used 1568K [0x00000000d5580000, 0x00000000d5b80000, 0x0000000100000000)
  eden space 1536K, 0% used [0x00000000d5580000,0x00000000d5580000,0x00000000d5700000)
  from space 2048K, 76% used [0x00000000d5700000,0x00000000d5888000,0x00000000d5900000)
  to   space 2048K, 0% used [0x00000000d5980000,0x00000000d5980000,0x00000000d5b80000)
 ParOldGen       total 1035264K, used 391758K [0x0000000080000000, 0x00000000bf300000, 0x00000000d5580000)
  object space 1035264K, 37% used [0x0000000080000000,0x0000000097e93b08,0x00000000bf300000)
 Metaspace       used 96011K, committed 97920K, reserved 1179648K
  class space    used 9889K, committed 10816K, reserved 1048576K
}
Event: 3248.552 GC heap before
{Heap before GC invocations=1845 (full 5):
 PSYoungGen      total 3584K, used 3104K [0x00000000d5580000, 0x00000000d5b80000, 0x0000000100000000)
  eden space 1536K, 100% used [0x00000000d5580000,0x00000000d5700000,0x00000000d5700000)
  from space 2048K, 76% used [0x00000000d5700000,0x00000000d5888000,0x00000000d5900000)
  to   space 2048K, 0% used [0x00000000d5980000,0x00000000d5980000,0x00000000d5b80000)
 ParOldGen       total 1035264K, used 391758K [0x0000000080000000, 0x00000000bf300000, 0x00000000d5580000)
  object space 1035264K, 37% used [0x0000000080000000,0x0000000097e93b08,0x00000000bf300000)
 Metaspace       used 96020K, committed 97920K, reserved 1179648K
  class space    used 9889K, committed 10816K, reserved 1048576K
}
Event: 3248.555 GC heap after
{Heap after GC invocations=1845 (full 5):
 PSYoungGen      total 3072K, used 528K [0x00000000d5580000, 0x00000000d5a80000, 0x0000000100000000)
  eden space 2048K, 0% used [0x00000000d5580000,0x00000000d5580000,0x00000000d5780000)
  from space 1024K, 51% used [0x00000000d5980000,0x00000000d5a04030,0x00000000d5a80000)
  to   space 1024K, 0% used [0x00000000d5880000,0x00000000d5880000,0x00000000d5980000)
 ParOldGen       total 1035264K, used 393262K [0x0000000080000000, 0x00000000bf300000, 0x00000000d5580000)
  object space 1035264K, 37% used [0x0000000080000000,0x000000009800bb08,0x00000000bf300000)
 Metaspace       used 96020K, committed 97920K, reserved 1179648K
  class space    used 9889K, committed 10816K, reserved 1048576K
}

